<?xml version="1.0" encoding="utf-8" standalone="no"?>
<!--This file represents the results of running a test suite-->
<test-results name="" total="1" errors="0" failures="0" not-run="0" inconclusive="0" ignored="0" skipped="0" invalid="0" date="2017-07-21" time="14:25:28">
  <environment nunit-version="1.0.0.0" clr-version="4.0.30319.42000" os-version="Microsoft Windows NT 10.0.10240.0" platform="Win32NT" cwd="D:\DevOps" machine-name="RYHILA" user="Ryhila" user-domain="CHILLI" />
  <culture-info current-culture="en-ZA" current-uiculture="en-US" />
  <test-suite type="Assembly" name="DeliberateLearning.Tests.dll" executed="True" result="Success" success="True" time="0.045" asserts="1">
    <properties>
      <property name="_PID" value="15204" />
      <property name="_APPDOMAIN" value="test-domain-" />
    </properties>
    <results>
      <test-suite type="TestSuite" name="DeliberateLearning" executed="True" result="Success" success="True" time="0.031" asserts="1">
        <results>
          <test-suite type="TestSuite" name="Test" executed="True" result="Success" success="True" time="0.027" asserts="1">
            <results>
              <test-suite type="TestFixture" name="Test" executed="True" result="Success" success="True" time="0.024" asserts="1">
                <results>
                  <test-case name="DeliberateLearning.Test.Test.True_GivenTrue_ShouldBeTrue" executed="True" result="Success" success="True" time="0.012" asserts="1" />
                </results>
              </test-suite>
            </results>
          </test-suite>
        </results>
      </test-suite>
    </results>
  </test-suite>
</test-results>